Maze Path
_,_,_,_,_,_,_,_,_,_,_,_,_,_,_,_,_,_,_,_,
 , , , , , , ,P,Y, , , , , , , , , , , ,
 , , , , , , , ,R, , , , , , , , , , , ,
 , , , , , , , ,O, , , , , , , , , , , ,
 , , , , , , , ,O, ,R, , , , , , , , , ,
 , , , , , , , ,P,Y,O, , , , , , , , , ,
 , , , , , , , , , ,P, , , , , , , , , ,
 , , , , , , , , ,O,Y, , , , , , , , , ,
 , , , , , , , , ,R, , , , , , , , , , ,
 , , , , , , , ,P,O, , , , , , , , , , ,
 , , , , , , ,O,Y, , , , , , , , , , , ,
 , , , , , ,O,R, , , , , , , , , , , , ,
 , , , , , ,P, , , , , , , , , , , , , ,
 , , , , , ,Y, , , , , , , , , , , , , ,
 , , , , , ,O, , , , , , , , , , , , , ,
 , , , , ,O,R, , , , , , , , , , , , , ,
 , , , ,R,P, , , , , , , , , , , , , , ,
 , , ,P,O,Y, , , , , , , , , , , , , , ,
 , , ,Y, , , , , , , , , , , , , , , , ,
 , , ,O, , , , , , , , , , , , , , , , ,
